<?xml version="1.0" encoding="UTF-8"?>
<coverage generated="1629119529012" clover="3.2.0">
  <project timestamp="1629119529012" name="All files">
    <metrics statements="11" coveredstatements="11" conditionals="4" coveredconditionals="4" methods="1" coveredmethods="1" elements="16" coveredelements="16" complexity="0" loc="11" ncloc="11" packages="1" files="1" classes="1"/>
    <file name="hashmap-repeated-word.js" path="/home/std4/401-data-structures-and-algorithms/js/hashmap-repeated-word/hashmap-repeated-word.js">
      <metrics statements="11" coveredstatements="11" conditionals="4" coveredconditionals="4" methods="1" coveredmethods="1"/>
      <line num="3" count="1" type="stmt"/>
      <line num="4" count="4" type="stmt"/>
      <line num="5" count="4" type="stmt"/>
      <line num="6" count="4" type="stmt"/>
      <line num="7" count="4" type="stmt"/>
      <line num="8" count="30" type="cond" truecount="4" falsecount="0"/>
      <line num="9" count="3" type="stmt"/>
      <line num="11" count="27" type="stmt"/>
      <line num="12" count="27" type="stmt"/>
      <line num="14" count="1" type="stmt"/>
      <line num="17" count="1" type="stmt"/>
    </file>
  </project>
</coverage>
