{"/home/std4/401-data-structures-and-algorithms/js/data-structure/linked_list.js": {"path":"/home/std4/401-data-structures-and-algorithms/js/data-structure/linked_list.js","statementMap":{"0":{"start":{"line":5,"column":4},"end":{"line":5,"column":23}},"1":{"start":{"line":6,"column":4},"end":{"line":6,"column":21}},"2":{"start":{"line":13,"column":4},"end":{"line":13,"column":21}},"3":{"start":{"line":14,"column":4},"end":{"line":14,"column":18}},"4":{"start":{"line":18,"column":4},"end":{"line":20,"column":5}},"5":{"start":{"line":19,"column":6},"end":{"line":19,"column":34}},"6":{"start":{"line":21,"column":4},"end":{"line":21,"column":43}},"7":{"start":{"line":22,"column":4},"end":{"line":22,"column":30}},"8":{"start":{"line":26,"column":18},"end":{"line":26,"column":27}},"9":{"start":{"line":27,"column":4},"end":{"line":29,"column":5}},"10":{"start":{"line":28,"column":6},"end":{"line":28,"column":59}},"11":{"start":{"line":30,"column":4},"end":{"line":32,"column":5}},"12":{"start":{"line":31,"column":6},"end":{"line":31,"column":45}},"13":{"start":{"line":33,"column":4},"end":{"line":38,"column":5}},"14":{"start":{"line":34,"column":6},"end":{"line":36,"column":7}},"15":{"start":{"line":35,"column":8},"end":{"line":35,"column":20}},"16":{"start":{"line":37,"column":6},"end":{"line":37,"column":29}},"17":{"start":{"line":39,"column":4},"end":{"line":39,"column":17}},"18":{"start":{"line":43,"column":18},"end":{"line":43,"column":27}},"19":{"start":{"line":44,"column":4},"end":{"line":46,"column":5}},"20":{"start":{"line":45,"column":6},"end":{"line":45,"column":45}},"21":{"start":{"line":47,"column":19},"end":{"line":47,"column":21}},"22":{"start":{"line":48,"column":4},"end":{"line":51,"column":5}},"23":{"start":{"line":49,"column":6},"end":{"line":49,"column":45}},"24":{"start":{"line":50,"column":6},"end":{"line":50,"column":29}},"25":{"start":{"line":52,"column":4},"end":{"line":52,"column":30}},"26":{"start":{"line":55,"column":18},"end":{"line":55,"column":27}},"27":{"start":{"line":56,"column":4},"end":{"line":65,"column":5}},"28":{"start":{"line":57,"column":6},"end":{"line":57,"column":34}},"29":{"start":{"line":58,"column":6},"end":{"line":58,"column":32}},"30":{"start":{"line":60,"column":6},"end":{"line":62,"column":7}},"31":{"start":{"line":61,"column":8},"end":{"line":61,"column":31}},"32":{"start":{"line":63,"column":6},"end":{"line":63,"column":37}},"33":{"start":{"line":64,"column":6},"end":{"line":64,"column":32}},"34":{"start":{"line":68,"column":18},"end":{"line":68,"column":27}},"35":{"start":{"line":69,"column":4},"end":{"line":79,"column":5}},"36":{"start":{"line":70,"column":6},"end":{"line":70,"column":25}},"37":{"start":{"line":72,"column":6},"end":{"line":74,"column":7}},"38":{"start":{"line":73,"column":8},"end":{"line":73,"column":31}},"39":{"start":{"line":75,"column":17},"end":{"line":75,"column":32}},"40":{"start":{"line":76,"column":6},"end":{"line":76,"column":31}},"41":{"start":{"line":77,"column":6},"end":{"line":77,"column":26}},"42":{"start":{"line":78,"column":6},"end":{"line":78,"column":32}},"43":{"start":{"line":82,"column":18},"end":{"line":82,"column":27}},"44":{"start":{"line":83,"column":4},"end":{"line":85,"column":5}},"45":{"start":{"line":84,"column":6},"end":{"line":84,"column":29}},"46":{"start":{"line":86,"column":15},"end":{"line":86,"column":30}},"47":{"start":{"line":87,"column":4},"end":{"line":87,"column":29}},"48":{"start":{"line":88,"column":4},"end":{"line":88,"column":24}},"49":{"start":{"line":89,"column":4},"end":{"line":89,"column":30}},"50":{"start":{"line":92,"column":22},"end":{"line":92,"column":31}},"51":{"start":{"line":93,"column":16},"end":{"line":93,"column":29}},"52":{"start":{"line":94,"column":4},"end":{"line":100,"column":5}},"53":{"start":{"line":95,"column":6},"end":{"line":97,"column":7}},"54":{"start":{"line":96,"column":8},"end":{"line":96,"column":33}},"55":{"start":{"line":98,"column":6},"end":{"line":98,"column":14}},"56":{"start":{"line":99,"column":6},"end":{"line":99,"column":37}},"57":{"start":{"line":101,"column":4},"end":{"line":101,"column":23}},"58":{"start":{"line":106,"column":19},"end":{"line":106,"column":33}},"59":{"start":{"line":107,"column":0},"end":{"line":107,"column":23}},"60":{"start":{"line":108,"column":0},"end":{"line":108,"column":23}},"61":{"start":{"line":109,"column":0},"end":{"line":109,"column":23}},"62":{"start":{"line":110,"column":0},"end":{"line":110,"column":25}},"63":{"start":{"line":111,"column":19},"end":{"line":111,"column":33}},"64":{"start":{"line":112,"column":0},"end":{"line":112,"column":23}},"65":{"start":{"line":113,"column":0},"end":{"line":113,"column":23}},"66":{"start":{"line":117,"column":2},"end":{"line":117,"column":38}},"67":{"start":{"line":118,"column":2},"end":{"line":118,"column":38}},"68":{"start":{"line":119,"column":16},"end":{"line":119,"column":32}},"69":{"start":{"line":120,"column":17},"end":{"line":120,"column":33}},"70":{"start":{"line":122,"column":12},"end":{"line":122,"column":14}},"71":{"start":{"line":123,"column":12},"end":{"line":123,"column":26}},"72":{"start":{"line":124,"column":16},"end":{"line":124,"column":32}},"73":{"start":{"line":125,"column":16},"end":{"line":125,"column":32}},"74":{"start":{"line":129,"column":2},"end":{"line":135,"column":3}},"75":{"start":{"line":130,"column":4},"end":{"line":130,"column":18}},"76":{"start":{"line":134,"column":4},"end":{"line":134,"column":18}},"77":{"start":{"line":137,"column":2},"end":{"line":160,"column":3}},"78":{"start":{"line":138,"column":4},"end":{"line":138,"column":11}},"79":{"start":{"line":140,"column":4},"end":{"line":158,"column":5}},"80":{"start":{"line":141,"column":6},"end":{"line":141,"column":29}},"81":{"start":{"line":142,"column":6},"end":{"line":142,"column":28}},"82":{"start":{"line":144,"column":11},"end":{"line":158,"column":5}},"83":{"start":{"line":145,"column":6},"end":{"line":145,"column":31}},"84":{"start":{"line":146,"column":6},"end":{"line":146,"column":30}},"85":{"start":{"line":147,"column":6},"end":{"line":147,"column":23}},"86":{"start":{"line":153,"column":6},"end":{"line":153,"column":30}},"87":{"start":{"line":154,"column":6},"end":{"line":154,"column":28}},"88":{"start":{"line":156,"column":6},"end":{"line":156,"column":30}},"89":{"start":{"line":157,"column":6},"end":{"line":157,"column":30}},"90":{"start":{"line":163,"column":2},"end":{"line":167,"column":4}},"91":{"start":{"line":165,"column":4},"end":{"line":165,"column":19}},"92":{"start":{"line":169,"column":2},"end":{"line":169,"column":13}},"93":{"start":{"line":172,"column":0},"end":{"line":172,"column":32}},"94":{"start":{"line":175,"column":0},"end":{"line":179,"column":2}}},"fnMap":{"0":{"name":"(anonymous_0)","decl":{"start":{"line":4,"column":2},"end":{"line":4,"column":3}},"loc":{"start":{"line":4,"column":34},"end":{"line":8,"column":3}},"line":4},"1":{"name":"(anonymous_1)","decl":{"start":{"line":12,"column":2},"end":{"line":12,"column":3}},"loc":{"start":{"line":12,"column":16},"end":{"line":15,"column":3}},"line":12},"2":{"name":"(anonymous_2)","decl":{"start":{"line":17,"column":2},"end":{"line":17,"column":3}},"loc":{"start":{"line":17,"column":16},"end":{"line":23,"column":3}},"line":17},"3":{"name":"(anonymous_3)","decl":{"start":{"line":25,"column":2},"end":{"line":25,"column":3}},"loc":{"start":{"line":25,"column":18},"end":{"line":40,"column":3}},"line":25},"4":{"name":"(anonymous_4)","decl":{"start":{"line":42,"column":2},"end":{"line":42,"column":3}},"loc":{"start":{"line":42,"column":13},"end":{"line":53,"column":3}},"line":42},"5":{"name":"(anonymous_5)","decl":{"start":{"line":54,"column":2},"end":{"line":54,"column":3}},"loc":{"start":{"line":54,"column":16},"end":{"line":66,"column":3}},"line":54},"6":{"name":"(anonymous_6)","decl":{"start":{"line":67,"column":2},"end":{"line":67,"column":3}},"loc":{"start":{"line":67,"column":35},"end":{"line":80,"column":3}},"line":67},"7":{"name":"(anonymous_7)","decl":{"start":{"line":81,"column":2},"end":{"line":81,"column":3}},"loc":{"start":{"line":81,"column":34},"end":{"line":90,"column":3}},"line":81},"8":{"name":"(anonymous_8)","decl":{"start":{"line":91,"column":2},"end":{"line":91,"column":3}},"loc":{"start":{"line":91,"column":16},"end":{"line":102,"column":3}},"line":91},"9":{"name":"zip","decl":{"start":{"line":116,"column":9},"end":{"line":116,"column":12}},"loc":{"start":{"line":116,"column":39},"end":{"line":170,"column":1}},"line":116},"10":{"name":"(anonymous_10)","decl":{"start":{"line":163,"column":10},"end":{"line":163,"column":11}},"loc":{"start":{"line":163,"column":24},"end":{"line":167,"column":3}},"line":163}},"branchMap":{"0":{"loc":{"start":{"line":4,"column":21},"end":{"line":4,"column":32}},"type":"default-arg","locations":[{"start":{"line":4,"column":28},"end":{"line":4,"column":32}}],"line":4},"1":{"loc":{"start":{"line":18,"column":4},"end":{"line":20,"column":5}},"type":"if","locations":[{"start":{"line":18,"column":4},"end":{"line":20,"column":5}},{"start":{"line":18,"column":4},"end":{"line":20,"column":5}}],"line":18},"2":{"loc":{"start":{"line":27,"column":4},"end":{"line":29,"column":5}},"type":"if","locations":[{"start":{"line":27,"column":4},"end":{"line":29,"column":5}},{"start":{"line":27,"column":4},"end":{"line":29,"column":5}}],"line":27},"3":{"loc":{"start":{"line":30,"column":4},"end":{"line":32,"column":5}},"type":"if","locations":[{"start":{"line":30,"column":4},"end":{"line":32,"column":5}},{"start":{"line":30,"column":4},"end":{"line":32,"column":5}}],"line":30},"4":{"loc":{"start":{"line":34,"column":6},"end":{"line":36,"column":7}},"type":"if","locations":[{"start":{"line":34,"column":6},"end":{"line":36,"column":7}},{"start":{"line":34,"column":6},"end":{"line":36,"column":7}}],"line":34},"5":{"loc":{"start":{"line":44,"column":4},"end":{"line":46,"column":5}},"type":"if","locations":[{"start":{"line":44,"column":4},"end":{"line":46,"column":5}},{"start":{"line":44,"column":4},"end":{"line":46,"column":5}}],"line":44},"6":{"loc":{"start":{"line":56,"column":4},"end":{"line":65,"column":5}},"type":"if","locations":[{"start":{"line":56,"column":4},"end":{"line":65,"column":5}},{"start":{"line":56,"column":4},"end":{"line":65,"column":5}}],"line":56},"7":{"loc":{"start":{"line":69,"column":4},"end":{"line":79,"column":5}},"type":"if","locations":[{"start":{"line":69,"column":4},"end":{"line":79,"column":5}},{"start":{"line":69,"column":4},"end":{"line":79,"column":5}}],"line":69},"8":{"loc":{"start":{"line":95,"column":6},"end":{"line":97,"column":7}},"type":"if","locations":[{"start":{"line":95,"column":6},"end":{"line":97,"column":7}},{"start":{"line":95,"column":6},"end":{"line":97,"column":7}}],"line":95},"9":{"loc":{"start":{"line":129,"column":2},"end":{"line":135,"column":3}},"type":"if","locations":[{"start":{"line":129,"column":2},"end":{"line":135,"column":3}},{"start":{"line":129,"column":2},"end":{"line":135,"column":3}}],"line":129},"10":{"loc":{"start":{"line":140,"column":4},"end":{"line":158,"column":5}},"type":"if","locations":[{"start":{"line":140,"column":4},"end":{"line":158,"column":5}},{"start":{"line":140,"column":4},"end":{"line":158,"column":5}}],"line":140},"11":{"loc":{"start":{"line":140,"column":8},"end":{"line":140,"column":44}},"type":"binary-expr","locations":[{"start":{"line":140,"column":8},"end":{"line":140,"column":23}},{"start":{"line":140,"column":27},"end":{"line":140,"column":44}}],"line":140},"12":{"loc":{"start":{"line":144,"column":11},"end":{"line":158,"column":5}},"type":"if","locations":[{"start":{"line":144,"column":11},"end":{"line":158,"column":5}},{"start":{"line":144,"column":11},"end":{"line":158,"column":5}}],"line":144},"13":{"loc":{"start":{"line":144,"column":15},"end":{"line":144,"column":50}},"type":"binary-expr","locations":[{"start":{"line":144,"column":15},"end":{"line":144,"column":30}},{"start":{"line":144,"column":34},"end":{"line":144,"column":50}}],"line":144}},"s":{"0":116,"1":116,"2":33,"3":33,"4":64,"5":0,"6":64,"7":64,"8":3,"9":3,"10":0,"11":3,"12":0,"13":3,"14":9,"15":2,"16":7,"17":1,"18":1,"19":1,"20":0,"21":1,"22":1,"23":3,"24":3,"25":1,"26":45,"27":45,"28":5,"29":5,"30":40,"31":47,"32":40,"33":40,"34":2,"35":2,"36":1,"37":1,"38":1,"39":1,"40":1,"41":1,"42":1,"43":2,"44":2,"45":3,"46":2,"47":2,"48":2,"49":2,"50":5,"51":5,"52":5,"53":15,"54":2,"55":13,"56":13,"57":3,"58":1,"59":1,"60":1,"61":1,"62":1,"63":1,"64":1,"65":1,"66":5,"67":5,"68":5,"69":5,"70":5,"71":5,"72":5,"73":5,"74":5,"75":0,"76":5,"77":5,"78":15,"79":15,"80":4,"81":4,"82":11,"83":0,"84":0,"85":0,"86":11,"87":11,"88":11,"89":11,"90":5,"91":26,"92":5,"93":1,"94":1},"f":{"0":116,"1":33,"2":64,"3":3,"4":1,"5":45,"6":2,"7":2,"8":5,"9":5,"10":26},"b":{"0":[52],"1":[0,64],"2":[0,3],"3":[0,3],"4":[2,7],"5":[0,1],"6":[5,40],"7":[1,1],"8":[2,13],"9":[0,5],"10":[4,11],"11":[15,12],"12":[0,11],"13":[11,0]},"_coverageSchema":"1a1c01bbd47fc00a2c39e90264f33305004495a9","hash":"18eb8cca7c4df6160f56fa5941cfa10c33e32c5d"}
}
