TN:
SF:js/stack-queue-brackets/stack-queue-brackets.js
FN:1,(anonymous_0)
FNF:1
FNH:1
FNDA:4,(anonymous_0)
DA:1,1
DA:2,4
DA:3,4
DA:9,4
DA:12,31
DA:13,10
DA:15,21
DA:16,11
DA:20,10
DA:21,10
DA:22,2
DA:26,2
DA:27,0
DA:30,2
DA:33,1
LF:15
LH:14
BRDA:12,0,0,10
BRDA:12,0,1,21
BRDA:12,1,0,31
BRDA:12,1,1,27
BRDA:12,1,2,22
BRDA:15,2,0,11
BRDA:15,2,1,10
BRDA:15,3,0,21
BRDA:15,3,1,15
BRDA:15,3,2,12
BRDA:15,3,3,9
BRDA:15,3,4,10
BRDA:15,3,5,10
BRDA:21,4,0,2
BRDA:21,4,1,8
BRDA:26,5,0,0
BRDA:26,5,1,2
BRF:17
BRH:16
end_of_record
