TN:
SF:js/queuewithestack/queuestack.js
FN:4,(anonymous_0)
FN:11,(anonymous_1)
FN:15,(anonymous_2)
FN:26,(anonymous_3)
FN:36,(anonymous_4)
FN:45,(anonymous_5)
FN:49,(anonymous_6)
FN:55,(anonymous_7)
FNF:8
FNH:7
FNDA:6,(anonymous_0)
FNDA:4,(anonymous_1)
FNDA:13,(anonymous_2)
FNDA:8,(anonymous_3)
FNDA:0,(anonymous_4)
FNDA:2,(anonymous_5)
FNDA:6,(anonymous_6)
FNDA:1,(anonymous_7)
DA:5,6
DA:6,6
DA:12,4
DA:16,13
DA:17,4
DA:18,4
DA:20,9
DA:21,9
DA:22,9
DA:27,8
DA:28,0
DA:30,8
DA:31,8
DA:32,8
DA:33,8
DA:37,0
DA:38,0
DA:40,0
DA:46,2
DA:47,2
DA:50,6
DA:51,6
DA:56,1
DA:57,4
DA:58,4
DA:60,1
DA:61,1
DA:62,3
DA:63,3
DA:65,1
DA:73,1
LF:31
LH:27
BRDA:16,0,0,4
BRDA:16,0,1,9
BRDA:27,1,0,0
BRDA:27,1,1,8
BRDA:37,2,0,0
BRDA:37,2,1,0
BRF:6
BRH:3
end_of_record
